<?xml version="1.0" encoding="UTF-8"?>
<!-- Generated by org.testng.reporters.JUnitXMLReporter -->
<testsuite ignored="0" failures="18" tests="27" name="EmployeesRestAPITest" time="25.623" errors="0" timestamp="2022-11-22T10:34:43 EST">
  <testcase classname="com.employeeapi.testCases.TC001_Get_All_Employees" name="checkContentType" time="0.008">
    <failure type="java.lang.AssertionError" message="expected [application/json] but found [text/html; charset=UTF-8]">
      <![CDATA[java.lang.AssertionError: expected [application/json] but found [text/html; charset=UTF-8]
at com.employeeapi.testCases.TC001_Get_All_Employees.checkContentType(TC001_Get_All_Employees.java:84)
at java.base/java.util.ArrayList.forEach(ArrayList.java:1511)
... Removed 33 stack frames]]>
    </failure>
  </testcase> <!-- checkContentType -->
  <testcase classname="com.employeeapi.testCases.TC001_Get_All_Employees" name="checkCookies" time="0.0"/>
  <testcase classname="com.employeeapi.testCases.TC001_Get_All_Employees" name="checkResponseBody" time="0.019"/>
  <testcase classname="com.employeeapi.testCases.TC001_Get_All_Employees" name="checkResponseTime" time="0.002"/>
  <testcase classname="com.employeeapi.testCases.TC001_Get_All_Employees" name="checkStatuscode" time="0.002">
    <failure type="java.lang.AssertionError" message="expected [200] but found [429]">
      <![CDATA[java.lang.AssertionError: expected [200] but found [429]
at com.employeeapi.testCases.TC001_Get_All_Employees.checkStatuscode(TC001_Get_All_Employees.java:50)
at java.base/java.util.ArrayList.forEach(ArrayList.java:1511)
... Removed 33 stack frames]]>
    </failure>
  </testcase> <!-- checkStatuscode -->
  <testcase classname="com.employeeapi.testCases.TC001_Get_All_Employees" name="checkcontentEncoding" time="0.001"/>
  <testcase classname="com.employeeapi.testCases.TC001_Get_All_Employees" name="checkserverType" time="0.001"/>
  <testcase classname="com.employeeapi.testCases.TC001_Get_All_Employees" name="checkstatusLine" time="0.002">
    <failure type="java.lang.AssertionError" message="expected [HTTP/1.1 200 OK] but found [HTTP/1.1 429 Too Many Requests]">
      <![CDATA[java.lang.AssertionError: expected [HTTP/1.1 200 OK] but found [HTTP/1.1 429 Too Many Requests]
at com.employeeapi.testCases.TC001_Get_All_Employees.checkstatusLine(TC001_Get_All_Employees.java:74)
at java.base/java.util.ArrayList.forEach(ArrayList.java:1511)
... Removed 33 stack frames]]>
    </failure>
  </testcase> <!-- checkstatusLine -->
  <testcase classname="com.employeeapi.testCases.TC002_Get_Single_Employee_Record" name="checkContentLength" time="0.003">
    <failure type="java.lang.NumberFormatException" message="null">
      <![CDATA[java.lang.NumberFormatException: null
at java.base/java.lang.Integer.parseInt(Integer.java:614)
at java.base/java.lang.Integer.parseInt(Integer.java:770)
at com.employeeapi.testCases.TC002_Get_Single_Employee_Record.checkContentLength(TC002_Get_Single_Employee_Record.java:92)
at java.base/java.util.ArrayList.forEach(ArrayList.java:1511)
... Removed 27 stack frames]]>
    </failure>
  </testcase> <!-- checkContentLength -->
  <testcase classname="com.employeeapi.testCases.TC002_Get_Single_Employee_Record" name="checkContentType" time="0.003">
    <failure type="java.lang.AssertionError" message="expected [application/json] but found [text/html; charset=UTF-8]">
      <![CDATA[java.lang.AssertionError: expected [application/json] but found [text/html; charset=UTF-8]
at com.employeeapi.testCases.TC002_Get_Single_Employee_Record.checkContentType(TC002_Get_Single_Employee_Record.java:73)
at java.base/java.util.ArrayList.forEach(ArrayList.java:1511)
... Removed 33 stack frames]]>
    </failure>
  </testcase> <!-- checkContentType -->
  <testcase classname="com.employeeapi.testCases.TC002_Get_Single_Employee_Record" name="checkResponseBody" time="0.004"/>
  <testcase classname="com.employeeapi.testCases.TC002_Get_Single_Employee_Record" name="checkResponseTime" time="0.002"/>
  <testcase classname="com.employeeapi.testCases.TC002_Get_Single_Employee_Record" name="checkStatuscode" time="0.003">
    <failure type="java.lang.AssertionError" message="expected [200] but found [429]">
      <![CDATA[java.lang.AssertionError: expected [200] but found [429]
at com.employeeapi.testCases.TC002_Get_Single_Employee_Record.checkStatuscode(TC002_Get_Single_Employee_Record.java:49)
at java.base/java.util.ArrayList.forEach(ArrayList.java:1511)
... Removed 33 stack frames]]>
    </failure>
  </testcase> <!-- checkStatuscode -->
  <testcase classname="com.employeeapi.testCases.TC002_Get_Single_Employee_Record" name="checkserverType" time="0.003"/>
  <testcase classname="com.employeeapi.testCases.TC002_Get_Single_Employee_Record" name="checkstatusLine" time="0.003">
    <failure type="java.lang.AssertionError" message="expected [HTTP/1.1 200 OK] but found [HTTP/1.1 429 Too Many Requests]">
      <![CDATA[java.lang.AssertionError: expected [HTTP/1.1 200 OK] but found [HTTP/1.1 429 Too Many Requests]
at com.employeeapi.testCases.TC002_Get_Single_Employee_Record.checkstatusLine(TC002_Get_Single_Employee_Record.java:65)
at java.base/java.util.ArrayList.forEach(ArrayList.java:1511)
... Removed 33 stack frames]]>
    </failure>
  </testcase> <!-- checkstatusLine -->
  <testcase classname="com.employeeapi.testCases.TC003_Post_Employee_Record" name="checkContentType" time="0.001"/>
  <testcase classname="com.employeeapi.testCases.TC003_Post_Employee_Record" name="checkResponseBody" time="0.001">
    <failure type="java.lang.AssertionError" message="expected [true] but found [false]">
      <![CDATA[java.lang.AssertionError: expected [true] but found [false]
at com.employeeapi.testCases.TC003_Post_Employee_Record.checkResponseBody(TC003_Post_Employee_Record.java:55)
at java.base/java.util.ArrayList.forEach(ArrayList.java:1511)
... Removed 33 stack frames]]>
    </failure>
  </testcase> <!-- checkResponseBody -->
  <testcase classname="com.employeeapi.testCases.TC003_Post_Employee_Record" name="checkStatusCode" time="0.001">
    <failure type="java.lang.AssertionError" message="expected [200] but found [429]">
      <![CDATA[java.lang.AssertionError: expected [200] but found [429]
at com.employeeapi.testCases.TC003_Post_Employee_Record.checkStatusCode(TC003_Post_Employee_Record.java:64)
at java.base/java.util.ArrayList.forEach(ArrayList.java:1511)
... Removed 33 stack frames]]>
    </failure>
  </testcase> <!-- checkStatusCode -->
  <testcase classname="com.employeeapi.testCases.TC003_Post_Employee_Record" name="checkstatusLine" time="0.002">
    <failure type="java.lang.AssertionError" message="expected [HTTP/1.1 200 OK] but found [HTTP/1.1 429 Too Many Requests]">
      <![CDATA[java.lang.AssertionError: expected [HTTP/1.1 200 OK] but found [HTTP/1.1 429 Too Many Requests]
at com.employeeapi.testCases.TC003_Post_Employee_Record.checkstatusLine(TC003_Post_Employee_Record.java:71)
at java.base/java.util.ArrayList.forEach(ArrayList.java:1511)
... Removed 33 stack frames]]>
    </failure>
  </testcase> <!-- checkstatusLine -->
  <testcase classname="com.employeeapi.testCases.TC004_Put_Employee_Record" name="checkContentType" time="0.001">
    <failure type="java.lang.AssertionError" message="expected [application/json] but found [text/html; charset=UTF-8]">
      <![CDATA[java.lang.AssertionError: expected [application/json] but found [text/html; charset=UTF-8]
at com.employeeapi.testCases.TC004_Put_Employee_Record.checkContentType(TC004_Put_Employee_Record.java:79)
at java.base/java.util.ArrayList.forEach(ArrayList.java:1511)
... Removed 33 stack frames]]>
    </failure>
  </testcase> <!-- checkContentType -->
  <testcase classname="com.employeeapi.testCases.TC004_Put_Employee_Record" name="checkResponseBody" time="0.001">
    <failure type="java.lang.AssertionError" message="expected [true] but found [false]">
      <![CDATA[java.lang.AssertionError: expected [true] but found [false]
at com.employeeapi.testCases.TC004_Put_Employee_Record.checkResponseBody(TC004_Put_Employee_Record.java:56)
at java.base/java.util.ArrayList.forEach(ArrayList.java:1511)
... Removed 33 stack frames]]>
    </failure>
  </testcase> <!-- checkResponseBody -->
  <testcase classname="com.employeeapi.testCases.TC004_Put_Employee_Record" name="checkStatusCode" time="0.0">
    <failure type="java.lang.AssertionError" message="expected [200] but found [429]">
      <![CDATA[java.lang.AssertionError: expected [200] but found [429]
at com.employeeapi.testCases.TC004_Put_Employee_Record.checkStatusCode(TC004_Put_Employee_Record.java:65)
at java.base/java.util.ArrayList.forEach(ArrayList.java:1511)
... Removed 33 stack frames]]>
    </failure>
  </testcase> <!-- checkStatusCode -->
  <testcase classname="com.employeeapi.testCases.TC004_Put_Employee_Record" name="checkstatusLine" time="0.0">
    <failure type="java.lang.AssertionError" message="expected [HTTP/1.1 200 OK] but found [HTTP/1.1 429 Too Many Requests]">
      <![CDATA[java.lang.AssertionError: expected [HTTP/1.1 200 OK] but found [HTTP/1.1 429 Too Many Requests]
at com.employeeapi.testCases.TC004_Put_Employee_Record.checkstatusLine(TC004_Put_Employee_Record.java:72)
at java.base/java.util.ArrayList.forEach(ArrayList.java:1511)
... Removed 33 stack frames]]>
    </failure>
  </testcase> <!-- checkstatusLine -->
  <testcase classname="com.employeeapi.testCases.TC005_Delete_Employee_Record" name="checkContentType" time="0.001">
    <failure type="java.lang.AssertionError" message="expected [application/json] but found [text/html; charset=UTF-8]">
      <![CDATA[java.lang.AssertionError: expected [application/json] but found [text/html; charset=UTF-8]
at com.employeeapi.testCases.TC005_Delete_Employee_Record.checkContentType(TC005_Delete_Employee_Record.java:69)
at java.base/java.util.ArrayList.forEach(ArrayList.java:1511)
... Removed 33 stack frames]]>
    </failure>
  </testcase> <!-- checkContentType -->
  <testcase classname="com.employeeapi.testCases.TC005_Delete_Employee_Record" name="checkResponseBody" time="0.0">
    <failure type="java.lang.AssertionError" message="expected [true] but found [false]">
      <![CDATA[java.lang.AssertionError: expected [true] but found [false]
at com.employeeapi.testCases.TC005_Delete_Employee_Record.checkResponseBody(TC005_Delete_Employee_Record.java:48)
at java.base/java.util.ArrayList.forEach(ArrayList.java:1511)
... Removed 33 stack frames]]>
    </failure>
  </testcase> <!-- checkResponseBody -->
  <testcase classname="com.employeeapi.testCases.TC005_Delete_Employee_Record" name="checkStatusCode" time="0.0">
    <failure type="java.lang.AssertionError" message="expected [200] but found [429]">
      <![CDATA[java.lang.AssertionError: expected [200] but found [429]
at com.employeeapi.testCases.TC005_Delete_Employee_Record.checkStatusCode(TC005_Delete_Employee_Record.java:55)
at java.base/java.util.ArrayList.forEach(ArrayList.java:1511)
... Removed 33 stack frames]]>
    </failure>
  </testcase> <!-- checkStatusCode -->
  <testcase classname="com.employeeapi.testCases.TC005_Delete_Employee_Record" name="checkstatusLine" time="0.0">
    <failure type="java.lang.AssertionError" message="expected [HTTP/1.1 200 OK] but found [HTTP/1.1 429 Too Many Requests]">
      <![CDATA[java.lang.AssertionError: expected [HTTP/1.1 200 OK] but found [HTTP/1.1 429 Too Many Requests]
at com.employeeapi.testCases.TC005_Delete_Employee_Record.checkstatusLine(TC005_Delete_Employee_Record.java:62)
at java.base/java.util.ArrayList.forEach(ArrayList.java:1511)
... Removed 33 stack frames]]>
    </failure>
  </testcase> <!-- checkstatusLine -->
</testsuite> <!-- EmployeesRestAPITest -->
